1590304582750	mozrunner::runner	INFO	Running command: "/usr/bin/firefox" "-marionette" "-foreground" "-no-remote" "-profile" "/tmp/rust_mozprofileWnDB5V"
1590304583665	addons.webextension.doh-rollout@mozilla.org	WARN	Loading extension 'doh-rollout@mozilla.org': Reading manifest: Invalid extension permission: networkStatus
1590304585657	addons.webextension.screenshots@mozilla.org	WARN	Loading extension 'screenshots@mozilla.org': Reading manifest: Invalid extension permission: mozillaAddons
1590304585657	addons.webextension.screenshots@mozilla.org	WARN	Loading extension 'screenshots@mozilla.org': Reading manifest: Invalid extension permission: telemetry
1590304585658	addons.webextension.screenshots@mozilla.org	WARN	Loading extension 'screenshots@mozilla.org': Reading manifest: Invalid extension permission: resource://pdf.js/
1590304585658	addons.webextension.screenshots@mozilla.org	WARN	Loading extension 'screenshots@mozilla.org': Reading manifest: Invalid extension permission: about:reader*
1590304589524	Marionette	INFO	Listening on port 45775
1590304589573	Marionette	WARN	TLS certificate errors will be ignored for this session
JavaScript error: https://www.spectrum.net/js/scripts.79c5d2b73db0731e9e9d.js, line 1: ReferenceError: module is not defined
JavaScript error: https://www.spectrum.net/js/scripts.79c5d2b73db0731e9e9d.js, line 1: ReferenceError: module is not defined
JavaScript error: , line 0: UnknownError: The operation failed for reasons unrelated to the database itself and not covered by any other error code.
1590304670111	Marionette	INFO	Stopped listening on port 45775
1590304725523	mozrunner::runner	INFO	Running command: "/usr/bin/firefox" "-marionette" "-foreground" "-no-remote" "-profile" "/tmp/rust_mozprofilelHBgH2"
1590304726349	addons.webextension.doh-rollout@mozilla.org	WARN	Loading extension 'doh-rollout@mozilla.org': Reading manifest: Invalid extension permission: networkStatus
1590304728250	addons.webextension.screenshots@mozilla.org	WARN	Loading extension 'screenshots@mozilla.org': Reading manifest: Invalid extension permission: mozillaAddons
1590304728250	addons.webextension.screenshots@mozilla.org	WARN	Loading extension 'screenshots@mozilla.org': Reading manifest: Invalid extension permission: telemetry
1590304728250	addons.webextension.screenshots@mozilla.org	WARN	Loading extension 'screenshots@mozilla.org': Reading manifest: Invalid extension permission: resource://pdf.js/
1590304728250	addons.webextension.screenshots@mozilla.org	WARN	Loading extension 'screenshots@mozilla.org': Reading manifest: Invalid extension permission: about:reader*
1590304731468	Marionette	INFO	Listening on port 40851
1590304731545	Marionette	WARN	TLS certificate errors will be ignored for this session
JavaScript error: https://www.spectrum.net/js/scripts.79c5d2b73db0731e9e9d.js, line 1: ReferenceError: module is not defined
JavaScript error: https://www.spectrum.net/js/scripts.79c5d2b73db0731e9e9d.js, line 1: ReferenceError: module is not defined
1590304759937	Marionette	INFO	Stopped listening on port 40851
1590381394331	mozrunner::runner	INFO	Running command: "/usr/bin/firefox" "-marionette" "-foreground" "-no-remote" "-profile" "/tmp/rust_mozprofileHude60"
1590381395533	addons.webextension.doh-rollout@mozilla.org	WARN	Loading extension 'doh-rollout@mozilla.org': Reading manifest: Invalid extension permission: networkStatus
1590381397471	addons.webextension.screenshots@mozilla.org	WARN	Loading extension 'screenshots@mozilla.org': Reading manifest: Invalid extension permission: mozillaAddons
1590381397471	addons.webextension.screenshots@mozilla.org	WARN	Loading extension 'screenshots@mozilla.org': Reading manifest: Invalid extension permission: telemetry
1590381397471	addons.webextension.screenshots@mozilla.org	WARN	Loading extension 'screenshots@mozilla.org': Reading manifest: Invalid extension permission: resource://pdf.js/
1590381397471	addons.webextension.screenshots@mozilla.org	WARN	Loading extension 'screenshots@mozilla.org': Reading manifest: Invalid extension permission: about:reader*
1590381401218	Marionette	INFO	Listening on port 42279
1590381401284	Marionette	WARN	TLS certificate errors will be ignored for this session
JavaScript error: https://www.spectrum.net/js/scripts.79c5d2b73db0731e9e9d.js, line 1: ReferenceError: module is not defined
JavaScript error: https://www.spectrum.net/js/scripts.79c5d2b73db0731e9e9d.js, line 1: ReferenceError: module is not defined
1590381428482	Marionette	INFO	Stopped listening on port 42279
1590384921245	mozrunner::runner	INFO	Running command: "/usr/bin/firefox" "-marionette" "-foreground" "-no-remote" "-profile" "/tmp/rust_mozprofileNNLNfP"
1590384921997	addons.webextension.doh-rollout@mozilla.org	WARN	Loading extension 'doh-rollout@mozilla.org': Reading manifest: Invalid extension permission: networkStatus
1590384923810	addons.webextension.screenshots@mozilla.org	WARN	Loading extension 'screenshots@mozilla.org': Reading manifest: Invalid extension permission: mozillaAddons
1590384923810	addons.webextension.screenshots@mozilla.org	WARN	Loading extension 'screenshots@mozilla.org': Reading manifest: Invalid extension permission: telemetry
1590384923810	addons.webextension.screenshots@mozilla.org	WARN	Loading extension 'screenshots@mozilla.org': Reading manifest: Invalid extension permission: resource://pdf.js/
1590384923810	addons.webextension.screenshots@mozilla.org	WARN	Loading extension 'screenshots@mozilla.org': Reading manifest: Invalid extension permission: about:reader*
1590384926569	Marionette	INFO	Listening on port 38999
1590384926663	Marionette	WARN	TLS certificate errors will be ignored for this session
JavaScript error: https://www.spectrum.net/js/scripts.79c5d2b73db0731e9e9d.js, line 1: ReferenceError: module is not defined
JavaScript error: https://www.spectrum.net/js/scripts.79c5d2b73db0731e9e9d.js, line 1: ReferenceError: module is not defined
1590384955980	Marionette	INFO	Stopped listening on port 38999
1590386201543	mozrunner::runner	INFO	Running command: "/usr/bin/firefox" "-marionette" "-foreground" "-no-remote" "-profile" "/tmp/rust_mozprofileWOmE9q"
1590386202318	addons.webextension.doh-rollout@mozilla.org	WARN	Loading extension 'doh-rollout@mozilla.org': Reading manifest: Invalid extension permission: networkStatus
1590386204329	addons.webextension.screenshots@mozilla.org	WARN	Loading extension 'screenshots@mozilla.org': Reading manifest: Invalid extension permission: mozillaAddons
1590386204329	addons.webextension.screenshots@mozilla.org	WARN	Loading extension 'screenshots@mozilla.org': Reading manifest: Invalid extension permission: telemetry
1590386204329	addons.webextension.screenshots@mozilla.org	WARN	Loading extension 'screenshots@mozilla.org': Reading manifest: Invalid extension permission: resource://pdf.js/
1590386204329	addons.webextension.screenshots@mozilla.org	WARN	Loading extension 'screenshots@mozilla.org': Reading manifest: Invalid extension permission: about:reader*
1590386207060	Marionette	INFO	Listening on port 42935
1590386207167	Marionette	WARN	TLS certificate errors will be ignored for this session
JavaScript error: https://www.spectrum.net/js/scripts.79c5d2b73db0731e9e9d.js, line 1: ReferenceError: module is not defined
JavaScript error: https://www.spectrum.net/js/scripts.79c5d2b73db0731e9e9d.js, line 1: ReferenceError: module is not defined
1590386236816	Marionette	INFO	Stopped listening on port 42935
1590387483557	mozrunner::runner	INFO	Running command: "/usr/bin/firefox" "-marionette" "-foreground" "-no-remote" "-profile" "/tmp/rust_mozprofileSXTnli"
1590387484262	addons.webextension.doh-rollout@mozilla.org	WARN	Loading extension 'doh-rollout@mozilla.org': Reading manifest: Invalid extension permission: networkStatus
1590387486238	addons.webextension.screenshots@mozilla.org	WARN	Loading extension 'screenshots@mozilla.org': Reading manifest: Invalid extension permission: mozillaAddons
1590387486238	addons.webextension.screenshots@mozilla.org	WARN	Loading extension 'screenshots@mozilla.org': Reading manifest: Invalid extension permission: telemetry
1590387486238	addons.webextension.screenshots@mozilla.org	WARN	Loading extension 'screenshots@mozilla.org': Reading manifest: Invalid extension permission: resource://pdf.js/
1590387486238	addons.webextension.screenshots@mozilla.org	WARN	Loading extension 'screenshots@mozilla.org': Reading manifest: Invalid extension permission: about:reader*
1590387489041	Marionette	INFO	Listening on port 37171
1590387489074	Marionette	WARN	TLS certificate errors will be ignored for this session
JavaScript error: https://www.spectrum.net/js/scripts.79c5d2b73db0731e9e9d.js, line 1: ReferenceError: module is not defined
JavaScript error: https://www.spectrum.net/js/scripts.79c5d2b73db0731e9e9d.js, line 1: ReferenceError: module is not defined
1590387515991	Marionette	INFO	Stopped listening on port 37171
1590387575136	mozrunner::runner	INFO	Running command: "/usr/bin/firefox" "-marionette" "-foreground" "-no-remote" "-profile" "/tmp/rust_mozprofilezfrryP"
1590387575886	addons.webextension.doh-rollout@mozilla.org	WARN	Loading extension 'doh-rollout@mozilla.org': Reading manifest: Invalid extension permission: networkStatus
1590387577701	addons.webextension.screenshots@mozilla.org	WARN	Loading extension 'screenshots@mozilla.org': Reading manifest: Invalid extension permission: mozillaAddons
1590387577701	addons.webextension.screenshots@mozilla.org	WARN	Loading extension 'screenshots@mozilla.org': Reading manifest: Invalid extension permission: telemetry
1590387577702	addons.webextension.screenshots@mozilla.org	WARN	Loading extension 'screenshots@mozilla.org': Reading manifest: Invalid extension permission: resource://pdf.js/
1590387577702	addons.webextension.screenshots@mozilla.org	WARN	Loading extension 'screenshots@mozilla.org': Reading manifest: Invalid extension permission: about:reader*
1590387580503	Marionette	INFO	Listening on port 35007
1590387580561	Marionette	WARN	TLS certificate errors will be ignored for this session
JavaScript error: https://www.spectrum.net/js/scripts.79c5d2b73db0731e9e9d.js, line 1: ReferenceError: module is not defined
JavaScript error: https://www.spectrum.net/js/scripts.79c5d2b73db0731e9e9d.js, line 1: ReferenceError: module is not defined
1590387607606	Marionette	INFO	Stopped listening on port 35007
1590387962594	mozrunner::runner	INFO	Running command: "/usr/bin/firefox" "-marionette" "-foreground" "-no-remote" "-profile" "/tmp/rust_mozprofileE3Z0El"
1590387963312	addons.webextension.doh-rollout@mozilla.org	WARN	Loading extension 'doh-rollout@mozilla.org': Reading manifest: Invalid extension permission: networkStatus
1590387965220	addons.webextension.screenshots@mozilla.org	WARN	Loading extension 'screenshots@mozilla.org': Reading manifest: Invalid extension permission: mozillaAddons
1590387965220	addons.webextension.screenshots@mozilla.org	WARN	Loading extension 'screenshots@mozilla.org': Reading manifest: Invalid extension permission: telemetry
1590387965220	addons.webextension.screenshots@mozilla.org	WARN	Loading extension 'screenshots@mozilla.org': Reading manifest: Invalid extension permission: resource://pdf.js/
1590387965220	addons.webextension.screenshots@mozilla.org	WARN	Loading extension 'screenshots@mozilla.org': Reading manifest: Invalid extension permission: about:reader*
1590387967977	Marionette	INFO	Listening on port 42425
1590387968021	Marionette	WARN	TLS certificate errors will be ignored for this session
JavaScript error: https://www.spectrum.net/js/scripts.79c5d2b73db0731e9e9d.js, line 1: ReferenceError: module is not defined
JavaScript error: https://www.spectrum.net/js/scripts.79c5d2b73db0731e9e9d.js, line 1: ReferenceError: module is not defined
1590387996716	Marionette	INFO	Stopped listening on port 42425
1590390065579	mozrunner::runner	INFO	Running command: "/usr/bin/firefox" "-marionette" "-foreground" "-no-remote" "-profile" "/tmp/rust_mozprofileRbXrDf"
1590390066414	addons.webextension.doh-rollout@mozilla.org	WARN	Loading extension 'doh-rollout@mozilla.org': Reading manifest: Invalid extension permission: networkStatus
1590390068351	addons.webextension.screenshots@mozilla.org	WARN	Loading extension 'screenshots@mozilla.org': Reading manifest: Invalid extension permission: mozillaAddons
1590390068351	addons.webextension.screenshots@mozilla.org	WARN	Loading extension 'screenshots@mozilla.org': Reading manifest: Invalid extension permission: telemetry
1590390068352	addons.webextension.screenshots@mozilla.org	WARN	Loading extension 'screenshots@mozilla.org': Reading manifest: Invalid extension permission: resource://pdf.js/
1590390068352	addons.webextension.screenshots@mozilla.org	WARN	Loading extension 'screenshots@mozilla.org': Reading manifest: Invalid extension permission: about:reader*
1590390071574	Marionette	INFO	Listening on port 34511
1590390071602	Marionette	WARN	TLS certificate errors will be ignored for this session
JavaScript error: https://www.spectrum.net/js/scripts.79c5d2b73db0731e9e9d.js, line 1: ReferenceError: module is not defined
JavaScript error: https://www.spectrum.net/js/scripts.79c5d2b73db0731e9e9d.js, line 1: ReferenceError: module is not defined
1590390101840	Marionette	INFO	Stopped listening on port 34511
1590390152105	mozrunner::runner	INFO	Running command: "/usr/bin/firefox" "-marionette" "-foreground" "-no-remote" "-profile" "/tmp/rust_mozprofileKpCBGs"
1590390152822	addons.webextension.doh-rollout@mozilla.org	WARN	Loading extension 'doh-rollout@mozilla.org': Reading manifest: Invalid extension permission: networkStatus
1590390154956	addons.webextension.screenshots@mozilla.org	WARN	Loading extension 'screenshots@mozilla.org': Reading manifest: Invalid extension permission: mozillaAddons
1590390154956	addons.webextension.screenshots@mozilla.org	WARN	Loading extension 'screenshots@mozilla.org': Reading manifest: Invalid extension permission: telemetry
1590390154956	addons.webextension.screenshots@mozilla.org	WARN	Loading extension 'screenshots@mozilla.org': Reading manifest: Invalid extension permission: resource://pdf.js/
1590390154957	addons.webextension.screenshots@mozilla.org	WARN	Loading extension 'screenshots@mozilla.org': Reading manifest: Invalid extension permission: about:reader*
1590390157611	Marionette	INFO	Listening on port 33105
1590390157632	Marionette	WARN	TLS certificate errors will be ignored for this session
JavaScript error: https://www.spectrum.net/js/scripts.79c5d2b73db0731e9e9d.js, line 1: ReferenceError: module is not defined
JavaScript error: https://www.spectrum.net/js/scripts.79c5d2b73db0731e9e9d.js, line 1: ReferenceError: module is not defined
1590390186698	Marionette	INFO	Stopped listening on port 33105
1590391394314	mozrunner::runner	INFO	Running command: "/usr/bin/firefox" "-marionette" "-foreground" "-no-remote" "-profile" "/tmp/rust_mozprofileeFEnQX"
1590391394996	addons.webextension.doh-rollout@mozilla.org	WARN	Loading extension 'doh-rollout@mozilla.org': Reading manifest: Invalid extension permission: networkStatus
1590391396799	addons.webextension.screenshots@mozilla.org	WARN	Loading extension 'screenshots@mozilla.org': Reading manifest: Invalid extension permission: mozillaAddons
1590391396799	addons.webextension.screenshots@mozilla.org	WARN	Loading extension 'screenshots@mozilla.org': Reading manifest: Invalid extension permission: telemetry
1590391396799	addons.webextension.screenshots@mozilla.org	WARN	Loading extension 'screenshots@mozilla.org': Reading manifest: Invalid extension permission: resource://pdf.js/
1590391396799	addons.webextension.screenshots@mozilla.org	WARN	Loading extension 'screenshots@mozilla.org': Reading manifest: Invalid extension permission: about:reader*
1590391399494	Marionette	INFO	Listening on port 44829
1590391399530	Marionette	WARN	TLS certificate errors will be ignored for this session
JavaScript error: https://www.spectrum.net/js/scripts.79c5d2b73db0731e9e9d.js, line 1: ReferenceError: module is not defined
JavaScript error: https://www.spectrum.net/js/scripts.79c5d2b73db0731e9e9d.js, line 1: ReferenceError: module is not defined
1590391428385	Marionette	INFO	Stopped listening on port 44829
